2026-04-16 08:24:36 [main] INFO  [] c.a.d.c.AuthenticatorControllerTest - Starting AuthenticatorControllerTest using Java 21.0.8 with PID 10528 (started by jalil in C:\Users\jalil\Documents\Programacion\examenesTecnicos\examGlobal2026\data-processor-api)
2026-04-16 08:24:36 [main] INFO  [] c.a.d.c.AuthenticatorControllerTest - No active profile set, falling back to 1 default profile: "default"
2026-04-16 08:24:38 [main] INFO  [] o.s.d.r.c.RepositoryConfigurationDelegate - Bootstrapping Spring Data JPA repositories in DEFAULT mode.
2026-04-16 08:24:38 [main] INFO  [] o.s.d.r.c.RepositoryConfigurationDelegate - Finished Spring Data repository scanning in 102 ms. Found 2 JPA repository interfaces.
2026-04-16 08:24:39 [main] INFO  [] o.h.jpa.internal.util.LogHelper - HHH000204: Processing PersistenceUnitInfo [name: default]
2026-04-16 08:24:39 [main] INFO  [] org.hibernate.Version - HHH000412: Hibernate ORM core version 6.4.4.Final
2026-04-16 08:24:40 [main] INFO  [] o.h.c.i.RegionFactoryInitiator - HHH000026: Second-level cache disabled
2026-04-16 08:24:41 [main] INFO  [] o.s.o.j.p.SpringPersistenceUnitInfo - No LoadTimeWeaver setup: ignoring JPA class transformer
2026-04-16 08:24:41 [main] INFO  [] com.zaxxer.hikari.HikariDataSource - HikariPool-1 - Starting...
2026-04-16 08:24:41 [main] INFO  [] com.zaxxer.hikari.pool.HikariPool - HikariPool-1 - Added connection conn0: url=jdbc:h2:mem:testdb user=SA
2026-04-16 08:24:41 [main] INFO  [] com.zaxxer.hikari.HikariDataSource - HikariPool-1 - Start completed.
2026-04-16 08:24:41 [main] WARN  [] org.hibernate.orm.deprecation - HHH90000025: H2Dialect does not need to be specified explicitly using 'hibernate.dialect' (remove the property setting and it will be selected by default)
2026-04-16 08:24:43 [main] INFO  [] o.h.e.t.j.p.i.JtaPlatformInitiator - HHH000489: No JTA platform available (set 'hibernate.transaction.jta.platform' to enable JTA platform integration)
2026-04-16 08:24:43 [main] INFO  [] o.s.o.j.LocalContainerEntityManagerFactoryBean - Initialized JPA EntityManagerFactory for persistence unit 'default'
2026-04-16 08:24:44 [main] WARN  [] o.s.b.a.o.j.JpaBaseConfiguration$JpaWebConfiguration - spring.jpa.open-in-view is enabled by default. Therefore, database queries may be performed during view rendering. Explicitly configure spring.jpa.open-in-view to disable this warning
2026-04-16 08:24:44 [main] INFO  [] o.s.s.web.DefaultSecurityFilterChain - Will secure any request with [org.springframework.security.web.session.DisableEncodeUrlFilter@3305897c, org.springframework.security.web.context.request.async.WebAsyncManagerIntegrationFilter@53945f9c, org.springframework.security.web.context.SecurityContextHolderFilter@499445d2, org.springframework.security.web.header.HeaderWriterFilter@69346100, org.springframework.web.filter.CorsFilter@53b83897, org.springframework.security.web.authentication.logout.LogoutFilter@5c20841d, org.springframework.security.web.savedrequest.RequestCacheAwareFilter@4d529dbf, org.springframework.security.web.servletapi.SecurityContextHolderAwareRequestFilter@76641439, org.springframework.security.web.authentication.AnonymousAuthenticationFilter@28ffa527, org.springframework.security.web.session.SessionManagementFilter@6ebf9c2d, org.springframework.security.web.access.ExceptionTranslationFilter@4f579582, org.springframework.security.web.access.intercept.AuthorizationFilter@53cb9b1]
2026-04-16 08:24:45 [main] INFO  [] o.s.b.a.h.H2ConsoleAutoConfiguration - H2 console available at '/h2-console'. Database available at 'jdbc:h2:mem:testdb'
2026-04-16 08:24:45 [main] INFO  [] c.a.d.c.AuthenticatorControllerTest - Started AuthenticatorControllerTest in 9.082 seconds (process running for 11.403)
2026-04-16 08:24:46 [main] INFO  [] c.a.d.c.AuthenticatorController - [authenticateUser] Recibida solicitud para validar credenciales usuario: null
2026-04-16 08:24:46 [main] ERROR [] c.a.d.services.UserService - [validateUser] Datos de peticion para autenticarcion vacios o nulos.
2026-04-16 08:24:47 [main] INFO  [] c.a.d.c.AuthenticatorController - [authenticateUser] Recibida solicitud para validar credenciales usuario: Jalil
2026-04-16 08:24:47 [main] INFO  [] c.a.d.services.UserService - [authenticationManager.authenticate] Autenticando usuario : Jalil
2026-04-16 08:24:47 [main] INFO  [] c.a.d.c.AuthenticatorController - [authenticateUser] Usuario autenticado con exito, usuario: Jalil
2026-04-16 08:24:47 [main] INFO  [] c.a.d.c.AuthenticatorController - [authenticateUser] Recibida solicitud para validar credenciales usuario: Jalil
2026-04-16 08:24:47 [main] INFO  [] c.a.d.services.UserService - [authenticationManager.authenticate] Autenticando usuario : Jalil
2026-04-16 08:24:47 [main] WARN  [] c.a.d.services.UserService - Fallo de login: Credenciales incorrectas para Jalil
2026-04-16 08:24:47 [main] INFO  [] o.s.t.c.s.AnnotationConfigContextLoaderUtils - Could not detect default configuration classes for test class [com.api.dataprocessor.controller.DataProcessorControllerTest]: DataProcessorControllerTest does not declare any static, non-private, non-final, nested classes annotated with @Configuration.
2026-04-16 08:24:47 [main] INFO  [] o.s.b.t.c.SpringBootTestContextBootstrapper - Found @SpringBootConfiguration com.api.dataprocessor.DataProcessorApiApplication for test class com.api.dataprocessor.controller.DataProcessorControllerTest
2026-04-16 08:24:47 [main] INFO  [] c.a.d.c.AuthenticatorController - [DataProcessorController] Recibida solicitud para procesar transaccion cliente : Jalil, importe : 50.01, operacion : venta
2026-04-16 08:24:47 [main] INFO  [] c.a.d.c.AuthenticatorController - [dataProcessorService.doTransaction] Transaccion guardada con id : 1
2026-04-16 08:24:47 [main] INFO  [] c.a.d.c.AuthenticatorController - [DataProcessorController] Recibida solicitud para procesar transaccion cliente : null, importe : null, operacion : null
2026-04-16 08:24:47 [main] ERROR [] c.a.d.services.DataProcessorService - [DataProcessorService] Cuerpo de la transaccion vacio o nulo
2026-04-16 08:24:47 [main] INFO  [] o.s.t.c.s.AnnotationConfigContextLoaderUtils - Could not detect default configuration classes for test class [com.api.dataprocessor.DataProcessorApiApplicationTests]: DataProcessorApiApplicationTests does not declare any static, non-private, non-final, nested classes annotated with @Configuration.
2026-04-16 08:24:47 [main] INFO  [] o.s.b.t.c.SpringBootTestContextBootstrapper - Found @SpringBootConfiguration com.api.dataprocessor.DataProcessorApiApplication for test class com.api.dataprocessor.DataProcessorApiApplicationTests
2026-04-16 08:24:47 [SpringApplicationShutdownHook] INFO  [] o.s.o.j.LocalContainerEntityManagerFactoryBean - Closing JPA EntityManagerFactory for persistence unit 'default'
2026-04-16 08:24:47 [SpringApplicationShutdownHook] INFO  [] com.zaxxer.hikari.HikariDataSource - HikariPool-1 - Shutdown initiated...
2026-04-16 08:24:47 [SpringApplicationShutdownHook] INFO  [] com.zaxxer.hikari.HikariDataSource - HikariPool-1 - Shutdown completed.
